<?xml version="1.0" encoding="UTF-8"?>
<testng-results skipped="1" failed="0" ignored="0" total="5" passed="4">
  <reporter-output>
  </reporter-output>
  <suite name="Command line suite" duration-ms="12886" started-at="2022-06-01T15:32:04 IST" finished-at="2022-06-01T15:32:17 IST">
    <groups>
    </groups>
    <test name="Command line test" duration-ms="12886" started-at="2022-06-01T15:32:04 IST" finished-at="2022-06-01T15:32:17 IST">
      <class name="quickstart.jobSeeker.Testng">
        <test-method status="FAIL" signature="setup()[pri:0, instance:quickstart.jobSeeker.Testng@4973813a]" name="setup" is-config="true" duration-ms="1" started-at="2022-06-01T15:32:04 IST" finished-at="2022-06-01T15:32:04 IST">
          <exception class="java.io.FileNotFoundException">
            <message>
              <![CDATA[E:\workspace_Demo\JobsPlanet\config.properties (The system cannot find the path specified)]]>
            </message>
            <full-stacktrace>
              <![CDATA[java.io.FileNotFoundException: E:\workspace_Demo\JobsPlanet\config.properties (The system cannot find the path specified)
at java.io.FileInputStream.open0(Native Method)
at java.io.FileInputStream.open(FileInputStream.java:195)
at java.io.FileInputStream.<init>(FileInputStream.java:138)
at quickstart.jobSeeker.Testng.setup(Testng.java:35)
at sun.reflect.NativeMethodAccessorImpl.invoke0(Native Method)
at sun.reflect.NativeMethodAccessorImpl.invoke(NativeMethodAccessorImpl.java:62)
at sun.reflect.DelegatingMethodAccessorImpl.invoke(DelegatingMethodAccessorImpl.java:43)
at java.lang.reflect.Method.invoke(Method.java:498)
at org.testng.internal.MethodInvocationHelper.invokeMethod(MethodInvocationHelper.java:132)
at org.testng.internal.MethodInvocationHelper.invokeMethodConsideringTimeout(MethodInvocationHelper.java:61)
at org.testng.internal.ConfigInvoker.invokeConfigurationMethod(ConfigInvoker.java:366)
at org.testng.internal.ConfigInvoker.invokeConfigurations(ConfigInvoker.java:320)
at org.testng.internal.TestInvoker.runConfigMethods(TestInvoker.java:701)
at org.testng.internal.TestInvoker.invokeMethod(TestInvoker.java:527)
at org.testng.internal.TestInvoker.invokeTestMethod(TestInvoker.java:174)
at org.testng.internal.MethodRunner.runInSequence(MethodRunner.java:46)
at org.testng.internal.TestInvoker$MethodInvocationAgent.invoke(TestInvoker.java:822)
at org.testng.internal.TestInvoker.invokeTestMethods(TestInvoker.java:147)
at org.testng.internal.TestMethodWorker.invokeTestMethods(TestMethodWorker.java:146)
at org.testng.internal.TestMethodWorker.run(TestMethodWorker.java:128)
at java.util.ArrayList.forEach(ArrayList.java:1257)
at org.testng.TestRunner.privateRun(TestRunner.java:764)
at org.testng.TestRunner.run(TestRunner.java:585)
at org.testng.SuiteRunner.runTest(SuiteRunner.java:384)
at org.testng.SuiteRunner.runSequentially(SuiteRunner.java:378)
at org.testng.SuiteRunner.privateRun(SuiteRunner.java:337)
at org.testng.SuiteRunner.run(SuiteRunner.java:286)
at org.testng.SuiteRunnerWorker.runSuite(SuiteRunnerWorker.java:53)
at org.testng.SuiteRunnerWorker.run(SuiteRunnerWorker.java:96)
at org.testng.TestNG.runSuitesSequentially(TestNG.java:1218)
at org.testng.TestNG.runSuitesLocally(TestNG.java:1140)
at org.testng.TestNG.runSuites(TestNG.java:1069)
at org.testng.TestNG.run(TestNG.java:1037)
at org.apache.maven.surefire.testng.TestNGExecutor.run(TestNGExecutor.java:77)
at org.apache.maven.surefire.testng.TestNGDirectoryTestSuite.executeMulti(TestNGDirectoryTestSuite.java:159)
at org.apache.maven.surefire.testng.TestNGDirectoryTestSuite.execute(TestNGDirectoryTestSuite.java:99)
at org.apache.maven.surefire.testng.TestNGProvider.invoke(TestNGProvider.java:106)
at sun.reflect.NativeMethodAccessorImpl.invoke0(Native Method)
at sun.reflect.NativeMethodAccessorImpl.invoke(NativeMethodAccessorImpl.java:62)
at sun.reflect.DelegatingMethodAccessorImpl.invoke(DelegatingMethodAccessorImpl.java:43)
at java.lang.reflect.Method.invoke(Method.java:498)
at org.apache.maven.surefire.util.ReflectionUtils.invokeMethodWithArray(ReflectionUtils.java:189)
at org.apache.maven.surefire.booter.ProviderFactory$ProviderProxy.invoke(ProviderFactory.java:165)
at org.apache.maven.surefire.booter.ProviderFactory.invokeProvider(ProviderFactory.java:85)
at org.apache.maven.surefire.booter.ForkedBooter.runSuitesInProcess(ForkedBooter.java:115)
at org.apache.maven.surefire.booter.ForkedBooter.main(ForkedBooter.java:75)
]]>
            </full-stacktrace>
          </exception> <!-- java.io.FileNotFoundException -->
          <reporter-output>
          </reporter-output>
        </test-method> <!-- setup -->
        <test-method status="SKIP" signature="login()[pri:0, instance:quickstart.jobSeeker.Testng@4973813a]" name="login" duration-ms="0" started-at="2022-06-01T15:32:04 IST" finished-at="2022-06-01T15:32:04 IST">
          <exception class="java.io.FileNotFoundException">
            <message>
              <![CDATA[E:\workspace_Demo\JobsPlanet\config.properties (The system cannot find the path specified)]]>
            </message>
            <full-stacktrace>
              <![CDATA[java.io.FileNotFoundException: E:\workspace_Demo\JobsPlanet\config.properties (The system cannot find the path specified)
at java.io.FileInputStream.open0(Native Method)
at java.io.FileInputStream.open(FileInputStream.java:195)
at java.io.FileInputStream.<init>(FileInputStream.java:138)
at quickstart.jobSeeker.Testng.setup(Testng.java:35)
at sun.reflect.NativeMethodAccessorImpl.invoke0(Native Method)
at sun.reflect.NativeMethodAccessorImpl.invoke(NativeMethodAccessorImpl.java:62)
at sun.reflect.DelegatingMethodAccessorImpl.invoke(DelegatingMethodAccessorImpl.java:43)
at java.lang.reflect.Method.invoke(Method.java:498)
at org.testng.internal.MethodInvocationHelper.invokeMethod(MethodInvocationHelper.java:132)
at org.testng.internal.MethodInvocationHelper.invokeMethodConsideringTimeout(MethodInvocationHelper.java:61)
at org.testng.internal.ConfigInvoker.invokeConfigurationMethod(ConfigInvoker.java:366)
at org.testng.internal.ConfigInvoker.invokeConfigurations(ConfigInvoker.java:320)
at org.testng.internal.TestInvoker.runConfigMethods(TestInvoker.java:701)
at org.testng.internal.TestInvoker.invokeMethod(TestInvoker.java:527)
at org.testng.internal.TestInvoker.invokeTestMethod(TestInvoker.java:174)
at org.testng.internal.MethodRunner.runInSequence(MethodRunner.java:46)
at org.testng.internal.TestInvoker$MethodInvocationAgent.invoke(TestInvoker.java:822)
at org.testng.internal.TestInvoker.invokeTestMethods(TestInvoker.java:147)
at org.testng.internal.TestMethodWorker.invokeTestMethods(TestMethodWorker.java:146)
at org.testng.internal.TestMethodWorker.run(TestMethodWorker.java:128)
at java.util.ArrayList.forEach(ArrayList.java:1257)
at org.testng.TestRunner.privateRun(TestRunner.java:764)
at org.testng.TestRunner.run(TestRunner.java:585)
at org.testng.SuiteRunner.runTest(SuiteRunner.java:384)
at org.testng.SuiteRunner.runSequentially(SuiteRunner.java:378)
at org.testng.SuiteRunner.privateRun(SuiteRunner.java:337)
at org.testng.SuiteRunner.run(SuiteRunner.java:286)
at org.testng.SuiteRunnerWorker.runSuite(SuiteRunnerWorker.java:53)
at org.testng.SuiteRunnerWorker.run(SuiteRunnerWorker.java:96)
at org.testng.TestNG.runSuitesSequentially(TestNG.java:1218)
at org.testng.TestNG.runSuitesLocally(TestNG.java:1140)
at org.testng.TestNG.runSuites(TestNG.java:1069)
at org.testng.TestNG.run(TestNG.java:1037)
at org.apache.maven.surefire.testng.TestNGExecutor.run(TestNGExecutor.java:77)
at org.apache.maven.surefire.testng.TestNGDirectoryTestSuite.executeMulti(TestNGDirectoryTestSuite.java:159)
at org.apache.maven.surefire.testng.TestNGDirectoryTestSuite.execute(TestNGDirectoryTestSuite.java:99)
at org.apache.maven.surefire.testng.TestNGProvider.invoke(TestNGProvider.java:106)
at sun.reflect.NativeMethodAccessorImpl.invoke0(Native Method)
at sun.reflect.NativeMethodAccessorImpl.invoke(NativeMethodAccessorImpl.java:62)
at sun.reflect.DelegatingMethodAccessorImpl.invoke(DelegatingMethodAccessorImpl.java:43)
at java.lang.reflect.Method.invoke(Method.java:498)
at org.apache.maven.surefire.util.ReflectionUtils.invokeMethodWithArray(ReflectionUtils.java:189)
at org.apache.maven.surefire.booter.ProviderFactory$ProviderProxy.invoke(ProviderFactory.java:165)
at org.apache.maven.surefire.booter.ProviderFactory.invokeProvider(ProviderFactory.java:85)
at org.apache.maven.surefire.booter.ForkedBooter.runSuitesInProcess(ForkedBooter.java:115)
at org.apache.maven.surefire.booter.ForkedBooter.main(ForkedBooter.java:75)
]]>
            </full-stacktrace>
          </exception> <!-- java.io.FileNotFoundException -->
          <reporter-output>
          </reporter-output>
        </test-method> <!-- login -->
      </class> <!-- quickstart.jobSeeker.Testng -->
      <class name="quickstart.Tests.DemoTest">
        <test-method status="PASS" signature="startTestSuite()[pri:0, instance:quickstart.Tests.DemoTest@3a883ce7]" name="startTestSuite" is-config="true" duration-ms="7410" started-at="2022-06-01T15:31:56 IST" finished-at="2022-06-01T15:32:04 IST">
          <reporter-output>
          </reporter-output>
        </test-method> <!-- startTestSuite -->
        <test-method status="PASS" signature="startTest(java.lang.reflect.Method)[pri:0, instance:quickstart.Tests.DemoTest@3a883ce7]" name="startTest" is-config="true" duration-ms="2111" started-at="2022-06-01T15:32:04 IST" finished-at="2022-06-01T15:32:06 IST">
          <params>
            <param index="0">
              <value>
                <![CDATA[public void quickstart.Tests.DemoTest.GoogleSearch_Facebook() throws java.io.IOException]]>
              </value>
            </param>
          </params>
          <reporter-output>
          </reporter-output>
        </test-method> <!-- startTest -->
        <test-method status="PASS" signature="GoogleSearch_Facebook()[pri:0, instance:quickstart.Tests.DemoTest@3a883ce7]" name="GoogleSearch_Facebook" duration-ms="2916" started-at="2022-06-01T15:32:06 IST" finished-at="2022-06-01T15:32:09 IST">
          <reporter-output>
          </reporter-output>
        </test-method> <!-- GoogleSearch_Facebook -->
        <test-method status="PASS" signature="endTest()[pri:0, instance:quickstart.Tests.DemoTest@3a883ce7]" name="endTest" is-config="true" duration-ms="1" started-at="2022-06-01T15:32:09 IST" finished-at="2022-06-01T15:32:09 IST">
          <reporter-output>
          </reporter-output>
        </test-method> <!-- endTest -->
        <test-method status="PASS" signature="startTest(java.lang.reflect.Method)[pri:0, instance:quickstart.Tests.DemoTest@3a883ce7]" name="startTest" is-config="true" duration-ms="763" started-at="2022-06-01T15:32:09 IST" finished-at="2022-06-01T15:32:10 IST">
          <params>
            <param index="0">
              <value>
                <![CDATA[public void quickstart.Tests.DemoTest.GoogleSearch_LinkedIn() throws java.io.IOException]]>
              </value>
            </param>
          </params>
          <reporter-output>
          </reporter-output>
        </test-method> <!-- startTest -->
        <test-method status="PASS" signature="GoogleSearch_LinkedIn()[pri:0, instance:quickstart.Tests.DemoTest@3a883ce7]" name="GoogleSearch_LinkedIn" duration-ms="2103" started-at="2022-06-01T15:32:10 IST" finished-at="2022-06-01T15:32:12 IST">
          <reporter-output>
          </reporter-output>
        </test-method> <!-- GoogleSearch_LinkedIn -->
        <test-method status="PASS" signature="endTest()[pri:0, instance:quickstart.Tests.DemoTest@3a883ce7]" name="endTest" is-config="true" duration-ms="0" started-at="2022-06-01T15:32:12 IST" finished-at="2022-06-01T15:32:12 IST">
          <reporter-output>
          </reporter-output>
        </test-method> <!-- endTest -->
        <test-method status="PASS" signature="startTest(java.lang.reflect.Method)[pri:0, instance:quickstart.Tests.DemoTest@3a883ce7]" name="startTest" is-config="true" duration-ms="806" started-at="2022-06-01T15:32:12 IST" finished-at="2022-06-01T15:32:12 IST">
          <params>
            <param index="0">
              <value>
                <![CDATA[public void quickstart.Tests.DemoTest.GoogleSearch_Twitter() throws java.io.IOException]]>
              </value>
            </param>
          </params>
          <reporter-output>
          </reporter-output>
        </test-method> <!-- startTest -->
        <test-method status="PASS" signature="GoogleSearch_Twitter()[pri:0, instance:quickstart.Tests.DemoTest@3a883ce7]" name="GoogleSearch_Twitter" duration-ms="1852" started-at="2022-06-01T15:32:12 IST" finished-at="2022-06-01T15:32:14 IST">
          <reporter-output>
          </reporter-output>
        </test-method> <!-- GoogleSearch_Twitter -->
        <test-method status="PASS" signature="endTest()[pri:0, instance:quickstart.Tests.DemoTest@3a883ce7]" name="endTest" is-config="true" duration-ms="2" started-at="2022-06-01T15:32:14 IST" finished-at="2022-06-01T15:32:14 IST">
          <reporter-output>
          </reporter-output>
        </test-method> <!-- endTest -->
        <test-method status="PASS" signature="startTest(java.lang.reflect.Method)[pri:0, instance:quickstart.Tests.DemoTest@3a883ce7]" name="startTest" is-config="true" duration-ms="601" started-at="2022-06-01T15:32:14 IST" finished-at="2022-06-01T15:32:15 IST">
          <params>
            <param index="0">
              <value>
                <![CDATA[public void quickstart.Tests.DemoTest.GoogleSearch_automationScript() throws java.io.IOException]]>
              </value>
            </param>
          </params>
          <reporter-output>
          </reporter-output>
        </test-method> <!-- startTest -->
        <test-method status="PASS" signature="GoogleSearch_automationScript()[pri:0, instance:quickstart.Tests.DemoTest@3a883ce7]" name="GoogleSearch_automationScript" duration-ms="1673" started-at="2022-06-01T15:32:15 IST" finished-at="2022-06-01T15:32:17 IST">
          <reporter-output>
          </reporter-output>
        </test-method> <!-- GoogleSearch_automationScript -->
        <test-method status="PASS" signature="endTest()[pri:0, instance:quickstart.Tests.DemoTest@3a883ce7]" name="endTest" is-config="true" duration-ms="1" started-at="2022-06-01T15:32:17 IST" finished-at="2022-06-01T15:32:17 IST">
          <reporter-output>
          </reporter-output>
        </test-method> <!-- endTest -->
        <test-method status="PASS" signature="endTestSuite()[pri:0, instance:quickstart.Tests.DemoTest@3a883ce7]" name="endTestSuite" is-config="true" duration-ms="1699" started-at="2022-06-01T15:32:17 IST" finished-at="2022-06-01T15:32:18 IST">
          <reporter-output>
          </reporter-output>
        </test-method> <!-- endTestSuite -->
      </class> <!-- quickstart.Tests.DemoTest -->
    </test> <!-- Command line test -->
  </suite> <!-- Command line suite -->
</testng-results>
